<?xml version="1.0" encoding="UTF-8"?>
<!-- Generated by org.testng.reporters.JUnitReportReporter -->
<testsuite hostname="XE-T-NITINGO" name="GetAPI" tests="1" failures="0" timestamp="6 Feb 2017 09:09:41 GMT" time="4.998" errors="0">
  <testcase name="validateapimethod" time="4.998" classname="GetAPI"/>
</testsuite> <!-- GetAPI -->
