<?xml version="1.0" encoding="UTF-8"?>
<!-- Generated by org.testng.reporters.JUnitReportReporter -->
<testsuite hostname="XE-T-NITINGO" name="test.GetAPI" tests="1" failures="0" timestamp="6 Feb 2017 09:35:21 GMT" time="6.082" errors="0">
  <testcase name="validateapimethod" time="6.082" classname="test.GetAPI"/>
</testsuite> <!-- test.GetAPI -->
